<?xml version="1.0" encoding="UTF-8"?>
<testng-results skipped="0" failed="0" total="2" passed="2">
  <reporter-output>
  </reporter-output>
  <suite name="Default suite" duration-ms="21627" started-at="2019-08-01T10:37:12Z" finished-at="2019-08-01T10:37:33Z">
    <groups>
    </groups>
    <test name="Default test" duration-ms="21627" started-at="2019-08-01T10:37:12Z" finished-at="2019-08-01T10:37:33Z">
      <class name="main.community.componentsDevelopment">
        <test-method status="PASS" signature="startReport()[pri:0, instance:main.community.componentsDevelopment@6767c1fc]" name="startReport" is-config="true" duration-ms="716" started-at="2019-08-01T16:07:12Z" finished-at="2019-08-01T16:07:13Z">
          <reporter-output>
          </reporter-output>
        </test-method> <!-- startReport -->
        <test-method status="PASS" signature="FindControls()[pri:1, instance:main.community.componentsDevelopment@6767c1fc]" name="FindControls" duration-ms="18641" started-at="2019-08-01T16:07:13Z" finished-at="2019-08-01T16:07:31Z">
          <reporter-output>
          </reporter-output>
        </test-method> <!-- FindControls -->
        <test-method status="PASS" signature="keywordTest()[pri:3, instance:main.community.componentsDevelopment@6767c1fc]" name="keywordTest" duration-ms="1605" started-at="2019-08-01T16:07:31Z" finished-at="2019-08-01T16:07:33Z">
          <reporter-output>
          </reporter-output>
        </test-method> <!-- keywordTest -->
        <test-method status="PASS" signature="endReport()[pri:0, instance:main.community.componentsDevelopment@6767c1fc]" name="endReport" is-config="true" duration-ms="619" started-at="2019-08-01T16:07:33Z" finished-at="2019-08-01T16:07:33Z">
          <reporter-output>
          </reporter-output>
        </test-method> <!-- endReport -->
      </class> <!-- main.community.componentsDevelopment -->
    </test> <!-- Default test -->
  </suite> <!-- Default suite -->
</testng-results>
